This is pdfTeX, Version 3.141592653-2.6-1.40.24 (TeX Live 2022) (preloaded format=pdflatex 2022.7.31)  31 JUL 2022 21:49
entering extended mode
 restricted \write18 enabled.
 %&-line parsing enabled.
**Disha_Gandhi_Take_Home_Exam_PDF.tex
(./Disha_Gandhi_Take_Home_Exam_PDF.tex
LaTeX2e <2022-06-01> patch level 5
L3 programming layer <2022-07-15> (/Users/manvigoyal/Library/TinyTeX/texmf-dist/tex/latex/base/article.cls
Document Class: article 2021/10/04 v1.4n Standard LaTeX document class
(/Users/manvigoyal/Library/TinyTeX/texmf-dist/tex/latex/base/size10.clo
File: size10.clo 2021/10/04 v1.4n Standard LaTeX file (size option)
)
\c@part=\count185
\c@section=\count186
\c@subsection=\count187
\c@subsubsection=\count188
\c@paragraph=\count189
\c@subparagraph=\count190
\c@figure=\count191
\c@table=\count192
\abovecaptionskip=\skip47
\belowcaptionskip=\skip48
\bibindent=\dimen138
) (/Users/manvigoyal/Library/TinyTeX/texmf-dist/tex/latex/amsmath/amsmath.sty
Package: amsmath 2022/04/08 v2.17n AMS math features
\@mathmargin=\skip49
For additional information on amsmath, use the `?' option.
(/Users/manvigoyal/Library/TinyTeX/texmf-dist/tex/latex/amsmath/amstext.sty
Package: amstext 2021/08/26 v2.01 AMS text
(/Users/manvigoyal/Library/TinyTeX/texmf-dist/tex/latex/amsmath/amsgen.sty
File: amsgen.sty 1999/11/30 v2.0 generic functions
\@emptytoks=\toks16
\ex@=\dimen139
)) (/Users/manvigoyal/Library/TinyTeX/texmf-dist/tex/latex/amsmath/amsbsy.sty
Package: amsbsy 1999/11/29 v1.2d Bold Symbols
\pmbraise@=\dimen140
) (/Users/manvigoyal/Library/TinyTeX/texmf-dist/tex/latex/amsmath/amsopn.sty
Package: amsopn 2022/04/08 v2.04 operator names
)
\inf@bad=\count193
LaTeX Info: Redefining \frac on input line 234.
\uproot@=\count194
\leftroot@=\count195
LaTeX Info: Redefining \overline on input line 399.
LaTeX Info: Redefining \colon on input line 410.
\classnum@=\count196
\DOTSCASE@=\count197
LaTeX Info: Redefining \ldots on input line 496.
LaTeX Info: Redefining \dots on input line 499.
LaTeX Info: Redefining \cdots on input line 620.
\Mathstrutbox@=\box51
\strutbox@=\box52
LaTeX Info: Redefining \big on input line 722.
LaTeX Info: Redefining \Big on input line 723.
LaTeX Info: Redefining \bigg on input line 724.
LaTeX Info: Redefining \Bigg on input line 725.
\big@size=\dimen141
LaTeX Font Info:    Redeclaring font encoding OML on input line 743.
LaTeX Font Info:    Redeclaring font encoding OMS on input line 744.
\macc@depth=\count198
LaTeX Info: Redefining \bmod on input line 905.
LaTeX Info: Redefining \pmod on input line 910.
LaTeX Info: Redefining \smash on input line 940.
LaTeX Info: Redefining \relbar on input line 970.
LaTeX Info: Redefining \Relbar on input line 971.
\c@MaxMatrixCols=\count199
\dotsspace@=\muskip16
\c@parentequation=\count266
\dspbrk@lvl=\count267
\tag@help=\toks17
\row@=\count268
\column@=\count269
\maxfields@=\count270
\andhelp@=\toks18
\eqnshift@=\dimen142
\alignsep@=\dimen143
\tagshift@=\dimen144
\tagwidth@=\dimen145
\totwidth@=\dimen146
\lineht@=\dimen147
\@envbody=\toks19
\multlinegap=\skip50
\multlinetaggap=\skip51
\mathdisplay@stack=\toks20
LaTeX Info: Redefining \[ on input line 2953.
LaTeX Info: Redefining \] on input line 2954.
) (/Users/manvigoyal/Library/TinyTeX/texmf-dist/tex/latex/amsfonts/amssymb.sty
Package: amssymb 2013/01/14 v3.01 AMS font symbols
(/Users/manvigoyal/Library/TinyTeX/texmf-dist/tex/latex/amsfonts/amsfonts.sty
Package: amsfonts 2013/01/14 v3.01 Basic AMSFonts support
\symAMSa=\mathgroup4
\symAMSb=\mathgroup5
LaTeX Font Info:    Redeclaring math symbol \hbar on input line 98.
LaTeX Font Info:    Overwriting math alphabet `\mathfrak' in version `bold'
(Font)                  U/euf/m/n --> U/euf/b/n on input line 106.
)) (/Users/manvigoyal/Library/TinyTeX/texmf-dist/tex/latex/lm/lmodern.sty
Package: lmodern 2015/05/01 v1.6.1 Latin Modern Fonts
LaTeX Font Info:    Overwriting symbol font `operators' in version `normal'
(Font)                  OT1/cmr/m/n --> OT1/lmr/m/n on input line 22.
LaTeX Font Info:    Overwriting symbol font `letters' in version `normal'
(Font)                  OML/cmm/m/it --> OML/lmm/m/it on input line 23.
LaTeX Font Info:    Overwriting symbol font `symbols' in version `normal'
(Font)                  OMS/cmsy/m/n --> OMS/lmsy/m/n on input line 24.
LaTeX Font Info:    Overwriting symbol font `largesymbols' in version `normal'
(Font)                  OMX/cmex/m/n --> OMX/lmex/m/n on input line 25.
LaTeX Font Info:    Overwriting symbol font `operators' in version `bold'
(Font)                  OT1/cmr/bx/n --> OT1/lmr/bx/n on input line 26.
LaTeX Font Info:    Overwriting symbol font `letters' in version `bold'
(Font)                  OML/cmm/b/it --> OML/lmm/b/it on input line 27.
LaTeX Font Info:    Overwriting symbol font `symbols' in version `bold'
(Font)                  OMS/cmsy/b/n --> OMS/lmsy/b/n on input line 28.
LaTeX Font Info:    Overwriting symbol font `largesymbols' in version `bold'
(Font)                  OMX/cmex/m/n --> OMX/lmex/m/n on input line 29.
LaTeX Font Info:    Overwriting math alphabet `\mathbf' in version `normal'
(Font)                  OT1/cmr/bx/n --> OT1/lmr/bx/n on input line 31.
LaTeX Font Info:    Overwriting math alphabet `\mathsf' in version `normal'
(Font)                  OT1/cmss/m/n --> OT1/lmss/m/n on input line 32.
LaTeX Font Info:    Overwriting math alphabet `\mathit' in version `normal'
(Font)                  OT1/cmr/m/it --> OT1/lmr/m/it on input line 33.
LaTeX Font Info:    Overwriting math alphabet `\mathtt' in version `normal'
(Font)                  OT1/cmtt/m/n --> OT1/lmtt/m/n on input line 34.
LaTeX Font Info:    Overwriting math alphabet `\mathbf' in version `bold'
(Font)                  OT1/cmr/bx/n --> OT1/lmr/bx/n on input line 35.
LaTeX Font Info:    Overwriting math alphabet `\mathsf' in version `bold'
(Font)                  OT1/cmss/bx/n --> OT1/lmss/bx/n on input line 36.
LaTeX Font Info:    Overwriting math alphabet `\mathit' in version `bold'
(Font)                  OT1/cmr/bx/it --> OT1/lmr/bx/it on input line 37.
LaTeX Font Info:    Overwriting math alphabet `\mathtt' in version `bold'
(Font)                  OT1/cmtt/m/n --> OT1/lmtt/m/n on input line 38.
) (/Users/manvigoyal/Library/TinyTeX/texmf-dist/tex/generic/iftex/iftex.sty
Package: iftex 2022/02/03 v1.0f TeX engine tests
) (/Users/manvigoyal/Library/TinyTeX/texmf-dist/tex/latex/base/fontenc.sty
Package: fontenc 2021/04/29 v2.0v Standard LaTeX package
LaTeX Font Info:    Trying to load font information for T1+lmr on input line 112.
(/Users/manvigoyal/Library/TinyTeX/texmf-dist/tex/latex/lm/t1lmr.fd
File: t1lmr.fd 2015/05/01 v1.6.1 Font defs for Latin Modern
)) (/Users/manvigoyal/Library/TinyTeX/texmf-dist/tex/latex/base/inputenc.sty
Package: inputenc 2021/02/14 v1.3d Input encoding file
\inpenc@prehook=\toks21
\inpenc@posthook=\toks22
) (/Users/manvigoyal/Library/TinyTeX/texmf-dist/tex/latex/base/textcomp.sty
Package: textcomp 2020/02/02 v2.0n Standard LaTeX package
) (/Users/manvigoyal/Library/TinyTeX/texmf-dist/tex/latex/xcolor/xcolor.sty
Package: xcolor 2022/06/12 v2.14 LaTeX color extensions (UK)
(/Users/manvigoyal/Library/TinyTeX/texmf-dist/tex/latex/graphics-cfg/color.cfg
File: color.cfg 2016/01/02 v1.6 sample color configuration
)
Package xcolor Info: Driver file: pdftex.def on input line 227.
(/Users/manvigoyal/Library/TinyTeX/texmf-dist/tex/latex/graphics-def/pdftex.def
File: pdftex.def 2020/10/05 v1.2a Graphics/color driver for pdftex
) (/Users/manvigoyal/Library/TinyTeX/texmf-dist/tex/latex/graphics/mathcolor.ltx)
Package xcolor Info: Model `cmy' substituted by `cmy0' on input line 1353.
Package xcolor Info: Model `hsb' substituted by `rgb' on input line 1357.
Package xcolor Info: Model `RGB' extended on input line 1369.
Package xcolor Info: Model `HTML' substituted by `rgb' on input line 1371.
Package xcolor Info: Model `Hsb' substituted by `hsb' on input line 1372.
Package xcolor Info: Model `tHsb' substituted by `hsb' on input line 1373.
Package xcolor Info: Model `HSB' substituted by `hsb' on input line 1374.
Package xcolor Info: Model `Gray' substituted by `gray' on input line 1375.
Package xcolor Info: Model `wave' substituted by `hsb' on input line 1376.
) (/Users/manvigoyal/Library/TinyTeX/texmf-dist/tex/latex/hyperref/hyperref.sty
Package: hyperref 2022-06-20 v7.00s Hypertext links for LaTeX
(/Users/manvigoyal/Library/TinyTeX/texmf-dist/tex/generic/ltxcmds/ltxcmds.sty
Package: ltxcmds 2020-05-10 v1.25 LaTeX kernel commands for general use (HO)
) (/Users/manvigoyal/Library/TinyTeX/texmf-dist/tex/generic/pdftexcmds/pdftexcmds.sty
Package: pdftexcmds 2020-06-27 v0.33 Utility functions of pdfTeX for LuaTeX (HO)
(/Users/manvigoyal/Library/TinyTeX/texmf-dist/tex/generic/infwarerr/infwarerr.sty
Package: infwarerr 2019/12/03 v1.5 Providing info/warning/error messages (HO)
)
Package pdftexcmds Info: \pdf@primitive is available.
Package pdftexcmds Info: \pdf@ifprimitive is available.
Package pdftexcmds Info: \pdfdraftmode found.
) (/Users/manvigoyal/Library/TinyTeX/texmf-dist/tex/latex/graphics/keyval.sty
Package: keyval 2022/05/29 v1.15 key=value parser (DPC)
\KV@toks@=\toks23
) (/Users/manvigoyal/Library/TinyTeX/texmf-dist/tex/generic/kvsetkeys/kvsetkeys.sty
Package: kvsetkeys 2019/12/15 v1.18 Key value parser (HO)
) (/Users/manvigoyal/Library/TinyTeX/texmf-dist/tex/generic/kvdefinekeys/kvdefinekeys.sty
Package: kvdefinekeys 2019-12-19 v1.6 Define keys (HO)
) (/Users/manvigoyal/Library/TinyTeX/texmf-dist/tex/generic/pdfescape/pdfescape.sty
Package: pdfescape 2019/12/09 v1.15 Implements pdfTeX's escape features (HO)
) (/Users/manvigoyal/Library/TinyTeX/texmf-dist/tex/latex/hycolor/hycolor.sty
Package: hycolor 2020-01-27 v1.10 Color options for hyperref/bookmark (HO)
) (/Users/manvigoyal/Library/TinyTeX/texmf-dist/tex/latex/letltxmacro/letltxmacro.sty
Package: letltxmacro 2019/12/03 v1.6 Let assignment for LaTeX macros (HO)
) (/Users/manvigoyal/Library/TinyTeX/texmf-dist/tex/latex/auxhook/auxhook.sty
Package: auxhook 2019-12-17 v1.6 Hooks for auxiliary files (HO)
) (/Users/manvigoyal/Library/TinyTeX/texmf-dist/tex/latex/hyperref/nameref.sty
Package: nameref 2022-05-17 v2.50 Cross-referencing by name of section
(/Users/manvigoyal/Library/TinyTeX/texmf-dist/tex/latex/refcount/refcount.sty
Package: refcount 2019/12/15 v3.6 Data extraction from label references (HO)
) (/Users/manvigoyal/Library/TinyTeX/texmf-dist/tex/generic/gettitlestring/gettitlestring.sty
Package: gettitlestring 2019/12/15 v1.6 Cleanup title references (HO)
(/Users/manvigoyal/Library/TinyTeX/texmf-dist/tex/latex/kvoptions/kvoptions.sty
Package: kvoptions 2022-06-15 v3.15 Key value format for package options (HO)
))
\c@section@level=\count271
)
\@linkdim=\dimen148
\Hy@linkcounter=\count272
\Hy@pagecounter=\count273
(/Users/manvigoyal/Library/TinyTeX/texmf-dist/tex/latex/hyperref/pd1enc.def
File: pd1enc.def 2022-06-20 v7.00s Hyperref: PDFDocEncoding definition (HO)
Now handling font encoding PD1 ...
... no UTF-8 mapping file for font encoding PD1
) (/Users/manvigoyal/Library/TinyTeX/texmf-dist/tex/generic/intcalc/intcalc.sty
Package: intcalc 2019/12/15 v1.3 Expandable calculations with integers (HO)
) (/Users/manvigoyal/Library/TinyTeX/texmf-dist/tex/generic/etexcmds/etexcmds.sty
Package: etexcmds 2019/12/15 v1.7 Avoid name clashes with e-TeX commands (HO)
)
\Hy@SavedSpaceFactor=\count274
(/Users/manvigoyal/Library/TinyTeX/texmf-dist/tex/latex/hyperref/puenc.def
File: puenc.def 2022-06-20 v7.00s Hyperref: PDF Unicode definition (HO)
Now handling font encoding PU ...
... no UTF-8 mapping file for font encoding PU
)
Package hyperref Info: Option `unicode' set `true' on input line 4045.
Package hyperref Info: Hyper figures OFF on input line 4162.
Package hyperref Info: Link nesting OFF on input line 4167.
Package hyperref Info: Hyper index ON on input line 4170.
Package hyperref Info: Plain pages OFF on input line 4177.
Package hyperref Info: Backreferencing OFF on input line 4182.
Package hyperref Info: Implicit mode ON; LaTeX internals redefined.
Package hyperref Info: Bookmarks ON on input line 4408.
\c@Hy@tempcnt=\count275
(/Users/manvigoyal/Library/TinyTeX/texmf-dist/tex/latex/url/url.sty
\Urlmuskip=\muskip17
Package: url 2013/09/16  ver 3.4  Verb mode for urls, etc.
)
LaTeX Info: Redefining \url on input line 4746.
\XeTeXLinkMargin=\dimen149
(/Users/manvigoyal/Library/TinyTeX/texmf-dist/tex/generic/bitset/bitset.sty
Package: bitset 2019/12/09 v1.3 Handle bit-vector datatype (HO)
(/Users/manvigoyal/Library/TinyTeX/texmf-dist/tex/generic/bigintcalc/bigintcalc.sty
Package: bigintcalc 2019/12/15 v1.5 Expandable calculations on big integers (HO)
))
\Fld@menulength=\count276
\Field@Width=\dimen150
\Fld@charsize=\dimen151
Package hyperref Info: Hyper figures OFF on input line 6024.
Package hyperref Info: Link nesting OFF on input line 6029.
Package hyperref Info: Hyper index ON on input line 6032.
Package hyperref Info: backreferencing OFF on input line 6039.
Package hyperref Info: Link coloring OFF on input line 6044.
Package hyperref Info: Link coloring with OCG OFF on input line 6049.
Package hyperref Info: PDF/A mode OFF on input line 6054.
(/Users/manvigoyal/Library/TinyTeX/texmf-dist/tex/latex/base/atbegshi-ltx.sty
Package: atbegshi-ltx 2021/01/10 v1.0c Emulation of the original atbegshi
package with kernel methods
)
\Hy@abspage=\count277
\c@Item=\count278
\c@Hfootnote=\count279
)
Package hyperref Info: Driver (autodetected): hpdftex.
(/Users/manvigoyal/Library/TinyTeX/texmf-dist/tex/latex/hyperref/hpdftex.def
File: hpdftex.def 2022-06-20 v7.00s Hyperref driver for pdfTeX
(/Users/manvigoyal/Library/TinyTeX/texmf-dist/tex/latex/base/atveryend-ltx.sty
Package: atveryend-ltx 2020/08/19 v1.0a Emulation of the original atveryend package
with kernel methods
)
\Fld@listcount=\count280
\c@bookmark@seq@number=\count281
(/Users/manvigoyal/Library/TinyTeX/texmf-dist/tex/latex/rerunfilecheck/rerunfilecheck.sty
Package: rerunfilecheck 2022-07-10 v1.10 Rerun checks for auxiliary files (HO)
(/Users/manvigoyal/Library/TinyTeX/texmf-dist/tex/generic/uniquecounter/uniquecounter.sty
Package: uniquecounter 2019/12/15 v1.4 Provide unlimited unique counter (HO)
)
Package uniquecounter Info: New unique counter `rerunfilecheck' on input line 285.
)
\Hy@SectionHShift=\skip52
) (/Users/manvigoyal/Library/TinyTeX/texmf-dist/tex/latex/geometry/geometry.sty
Package: geometry 2020/01/02 v5.9 Page Geometry
(/Users/manvigoyal/Library/TinyTeX/texmf-dist/tex/generic/iftex/ifvtex.sty
Package: ifvtex 2019/10/25 v1.7 ifvtex legacy package. Use iftex instead.
)
\Gm@cnth=\count282
\Gm@cntv=\count283
\c@Gm@tempcnt=\count284
\Gm@bindingoffset=\dimen152
\Gm@wd@mp=\dimen153
\Gm@odd@mp=\dimen154
\Gm@even@mp=\dimen155
\Gm@layoutwidth=\dimen156
\Gm@layoutheight=\dimen157
\Gm@layouthoffset=\dimen158
\Gm@layoutvoffset=\dimen159
\Gm@dimlist=\toks24
) (/Users/manvigoyal/Library/TinyTeX/texmf-dist/tex/latex/fancyvrb/fancyvrb.sty
Package: fancyvrb 2022/06/06 4.5 verbatim text (tvz,hv)
\FV@CodeLineNo=\count285
\FV@InFile=\read2
\FV@TabBox=\box53
\c@FancyVerbLine=\count286
\FV@StepNumber=\count287
\FV@OutFile=\write3
) (/Users/manvigoyal/Library/TinyTeX/texmf-dist/tex/latex/tools/longtable.sty
Package: longtable 2021-09-01 v4.17 Multi-page Table package (DPC)
\LTleft=\skip53
\LTright=\skip54
\LTpre=\skip55
\LTpost=\skip56
\LTchunksize=\count288
\LTcapwidth=\dimen160
\LT@head=\box54
\LT@firsthead=\box55
\LT@foot=\box56
\LT@lastfoot=\box57
\LT@gbox=\box58
\LT@cols=\count289
\LT@rows=\count290
\c@LT@tables=\count291
\c@LT@chunks=\count292
\LT@p@ftn=\toks25
) (/Users/manvigoyal/Library/TinyTeX/texmf-dist/tex/latex/booktabs/booktabs.sty
Package: booktabs 2020/01/12 v1.61803398 Publication quality tables
\heavyrulewidth=\dimen161
\lightrulewidth=\dimen162
\cmidrulewidth=\dimen163
\belowrulesep=\dimen164
\belowbottomsep=\dimen165
\aboverulesep=\dimen166
\abovetopsep=\dimen167
\cmidrulesep=\dimen168
\cmidrulekern=\dimen169
\defaultaddspace=\dimen170
\@cmidla=\count293
\@cmidlb=\count294
\@aboverulesep=\dimen171
\@belowrulesep=\dimen172
\@thisruleclass=\count295
\@lastruleclass=\count296
\@thisrulewidth=\dimen173
) (/Users/manvigoyal/Library/TinyTeX/texmf-dist/tex/latex/tools/array.sty
Package: array 2022/03/10 v2.5f Tabular extension package (FMi)
\col@sep=\dimen174
\ar@mcellbox=\box59
\extrarowheight=\dimen175
\NC@list=\toks26
\extratabsurround=\skip57
\backup@length=\skip58
\ar@cellbox=\box60
) (/Users/manvigoyal/Library/TinyTeX/texmf-dist/tex/latex/tools/calc.sty
Package: calc 2017/05/25 v4.3 Infix arithmetic (KKT,FJ)
\calc@Acount=\count297
\calc@Bcount=\count298
\calc@Adimen=\dimen176
\calc@Bdimen=\dimen177
\calc@Askip=\skip59
\calc@Bskip=\skip60
LaTeX Info: Redefining \setlength on input line 80.
LaTeX Info: Redefining \addtolength on input line 81.
\calc@Ccount=\count299
\calc@Cskip=\skip61
) (/Users/manvigoyal/Library/TinyTeX/texmf-dist/tex/latex/etoolbox/etoolbox.sty
Package: etoolbox 2020/10/05 v2.5k e-TeX tools for LaTeX (JAW)
\etb@tempcnta=\count300
) (/Users/manvigoyal/Library/TinyTeX/texmf-dist/tex/latex/mdwtools/footnote.sty
Package: footnote 1997/01/28 1.13 Save footnotes around boxes
\fn@notes=\box61
\fn@width=\dimen178
) (/Users/manvigoyal/Library/TinyTeX/texmf-dist/tex/latex/graphics/graphicx.sty
Package: graphicx 2021/09/16 v1.2d Enhanced LaTeX Graphics (DPC,SPQR)
(/Users/manvigoyal/Library/TinyTeX/texmf-dist/tex/latex/graphics/graphics.sty
Package: graphics 2022/03/10 v1.4e Standard LaTeX Graphics (DPC,SPQR)
(/Users/manvigoyal/Library/TinyTeX/texmf-dist/tex/latex/graphics/trig.sty
Package: trig 2021/08/11 v1.11 sin cos tan (DPC)
) (/Users/manvigoyal/Library/TinyTeX/texmf-dist/tex/latex/graphics-cfg/graphics.cfg
File: graphics.cfg 2016/06/04 v1.11 sample graphics configuration
)
Package graphics Info: Driver file: pdftex.def on input line 107.
)
\Gin@req@height=\dimen179
\Gin@req@width=\dimen180
) (/Users/manvigoyal/Library/TinyTeX/texmf-dist/tex/latex/sectsty/sectsty.sty
Package: sectsty 2002/02/25 v2.0.2 Commands to change all sectional heading styles

LaTeX Warning: Command \underbar  has changed.
               Check if current package is valid.


LaTeX Warning: Command \underline  has changed.
               Check if current package is valid.

) (/Users/manvigoyal/Library/TinyTeX/texmf-dist/tex/latex/titling/titling.sty
Package: titling 2009/09/04 v2.1d maketitle typesetting
\thanksmarkwidth=\skip62
\thanksmargin=\skip63
\droptitle=\skip64
) (/Users/manvigoyal/Library/TinyTeX/texmf-dist/tex/latex/l3backend/l3backend-pdftex.def
File: l3backend-pdftex.def 2022-07-01 L3 backend support: PDF output (pdfTeX)
\l__color_backend_stack_int=\count301
\l__pdf_internal_box=\box62
) (./Disha_Gandhi_Take_Home_Exam_PDF.aux)
\openout1 = `Disha_Gandhi_Take_Home_Exam_PDF.aux'.

LaTeX Font Info:    Checking defaults for OML/cmm/m/it on input line 120.
LaTeX Font Info:    ... okay on input line 120.
LaTeX Font Info:    Checking defaults for OMS/cmsy/m/n on input line 120.
LaTeX Font Info:    ... okay on input line 120.
LaTeX Font Info:    Checking defaults for OT1/cmr/m/n on input line 120.
LaTeX Font Info:    ... okay on input line 120.
LaTeX Font Info:    Checking defaults for T1/cmr/m/n on input line 120.
LaTeX Font Info:    ... okay on input line 120.
LaTeX Font Info:    Checking defaults for TS1/cmr/m/n on input line 120.
LaTeX Font Info:    ... okay on input line 120.
LaTeX Font Info:    Checking defaults for OMX/cmex/m/n on input line 120.
LaTeX Font Info:    ... okay on input line 120.
LaTeX Font Info:    Checking defaults for U/cmr/m/n on input line 120.
LaTeX Font Info:    ... okay on input line 120.
LaTeX Font Info:    Checking defaults for PD1/pdf/m/n on input line 120.
LaTeX Font Info:    ... okay on input line 120.
LaTeX Font Info:    Checking defaults for PU/pdf/m/n on input line 120.
LaTeX Font Info:    ... okay on input line 120.
(/Users/manvigoyal/Library/TinyTeX/texmf-dist/tex/latex/epstopdf-pkg/epstopdf-base.sty
Package: epstopdf-base 2020-01-24 v2.11 Base part for package epstopdf
Package epstopdf-base Info: Redefining graphics rule for `.eps' on input line 485.
(/Users/manvigoyal/Library/TinyTeX/texmf-dist/tex/latex/latexconfig/epstopdf-sys.cfg
File: epstopdf-sys.cfg 2010/07/13 v1.3 Configuration of (r)epstopdf for TeX Live
))
Package hyperref Info: Link coloring OFF on input line 120.
(./Disha_Gandhi_Take_Home_Exam_PDF.out) (./Disha_Gandhi_Take_Home_Exam_PDF.out)
\@outlinefile=\write4
\openout4 = `Disha_Gandhi_Take_Home_Exam_PDF.out'.

*geometry* driver: auto-detecting
*geometry* detected driver: pdftex
*geometry* verbose mode - [ preamble ] result:
* driver: pdftex
* paper: <default>
* layout: <same size as paper>
* layoutoffset:(h,v)=(0.0pt,0.0pt)
* modes: 
* h-part:(L,W,R)=(72.26999pt, 469.75502pt, 72.26999pt)
* v-part:(T,H,B)=(72.26999pt, 650.43001pt, 72.26999pt)
* \paperwidth=614.295pt
* \paperheight=794.96999pt
* \textwidth=469.75502pt
* \textheight=650.43001pt
* \oddsidemargin=0.0pt
* \evensidemargin=0.0pt
* \topmargin=-37.0pt
* \headheight=12.0pt
* \headsep=25.0pt
* \topskip=10.0pt
* \footskip=30.0pt
* \marginparwidth=65.0pt
* \marginparsep=11.0pt
* \columnsep=10.0pt
* \skip\footins=9.0pt plus 4.0pt minus 2.0pt
* \hoffset=0.0pt
* \voffset=0.0pt
* \mag=1000
* \@twocolumnfalse
* \@twosidefalse
* \@mparswitchfalse
* \@reversemarginfalse
* (1in=72.27pt=25.4mm, 1cm=28.453pt)

LaTeX Font Info:    Trying to load font information for T1+lmtt on input line 140.
(/Users/manvigoyal/Library/TinyTeX/texmf-dist/tex/latex/lm/t1lmtt.fd
File: t1lmtt.fd 2015/05/01 v1.6.1 Font defs for Latin Modern
) [1

{/Users/manvigoyal/Library/TinyTeX/texmf-var/fonts/map/pdftex/updmap/pdftex.map}]
<Disha_Gandhi_Take_Home_Exam_PDF_files/figure-latex/unnamed-chunk-2-1.pdf, id=61, 419.5675pt x 275.0275pt>
File: Disha_Gandhi_Take_Home_Exam_PDF_files/figure-latex/unnamed-chunk-2-1.pdf Graphic file (type pdf)
<use Disha_Gandhi_Take_Home_Exam_PDF_files/figure-latex/unnamed-chunk-2-1.pdf>
Package pdftex.def Info: Disha_Gandhi_Take_Home_Exam_PDF_files/figure-latex/unnamed-chunk-2-1.pdf  used on input line 175.
(pdftex.def)             Requested size: 419.56647pt x 275.02682pt.
[2 <./Disha_Gandhi_Take_Home_Exam_PDF_files/figure-latex/unnamed-chunk-2-1.pdf>]
LaTeX Font Info:    Trying to load font information for TS1+lmr on input line 240.
(/Users/manvigoyal/Library/TinyTeX/texmf-dist/tex/latex/lm/ts1lmr.fd
File: ts1lmr.fd 2015/05/01 v1.6.1 Font defs for Latin Modern
) [3]
<Disha_Gandhi_Take_Home_Exam_PDF_files/figure-latex/unnamed-chunk-3-1.pdf, id=80, 437.635pt x 249.93375pt>
File: Disha_Gandhi_Take_Home_Exam_PDF_files/figure-latex/unnamed-chunk-3-1.pdf Graphic file (type pdf)
<use Disha_Gandhi_Take_Home_Exam_PDF_files/figure-latex/unnamed-chunk-3-1.pdf>
Package pdftex.def Info: Disha_Gandhi_Take_Home_Exam_PDF_files/figure-latex/unnamed-chunk-3-1.pdf  used on input line 251.
(pdftex.def)             Requested size: 437.6406pt x 249.93694pt.
<Disha_Gandhi_Take_Home_Exam_PDF_files/figure-latex/unnamed-chunk-4-1.pdf, id=81, 437.635pt x 249.93375pt>
File: Disha_Gandhi_Take_Home_Exam_PDF_files/figure-latex/unnamed-chunk-4-1.pdf Graphic file (type pdf)
<use Disha_Gandhi_Take_Home_Exam_PDF_files/figure-latex/unnamed-chunk-4-1.pdf>
Package pdftex.def Info: Disha_Gandhi_Take_Home_Exam_PDF_files/figure-latex/unnamed-chunk-4-1.pdf  used on input line 255.
(pdftex.def)             Requested size: 437.6406pt x 249.93694pt.
<Disha_Gandhi_Take_Home_Exam_PDF_files/figure-latex/unnamed-chunk-5-1.pdf, id=82, 437.635pt x 249.93375pt>
File: Disha_Gandhi_Take_Home_Exam_PDF_files/figure-latex/unnamed-chunk-5-1.pdf Graphic file (type pdf)
<use Disha_Gandhi_Take_Home_Exam_PDF_files/figure-latex/unnamed-chunk-5-1.pdf>
Package pdftex.def Info: Disha_Gandhi_Take_Home_Exam_PDF_files/figure-latex/unnamed-chunk-5-1.pdf  used on input line 260.
(pdftex.def)             Requested size: 437.6406pt x 249.93694pt.
[4 <./Disha_Gandhi_Take_Home_Exam_PDF_files/figure-latex/unnamed-chunk-3-1.pdf> <./Disha_Gandhi_Take_Home_Exam_PDF_files/figure-latex/unnamed-chunk-4-1.pdf>]
<Disha_Gandhi_Take_Home_Exam_PDF_files/figure-latex/unnamed-chunk-6-1.pdf, id=103, 437.635pt x 249.93375pt>
File: Disha_Gandhi_Take_Home_Exam_PDF_files/figure-latex/unnamed-chunk-6-1.pdf Graphic file (type pdf)
<use Disha_Gandhi_Take_Home_Exam_PDF_files/figure-latex/unnamed-chunk-6-1.pdf>
Package pdftex.def Info: Disha_Gandhi_Take_Home_Exam_PDF_files/figure-latex/unnamed-chunk-6-1.pdf  used on input line 265.
(pdftex.def)             Requested size: 437.6406pt x 249.93694pt.
<Disha_Gandhi_Take_Home_Exam_PDF_files/figure-latex/unnamed-chunk-7-1.pdf, id=104, 437.635pt x 250.9375pt>
File: Disha_Gandhi_Take_Home_Exam_PDF_files/figure-latex/unnamed-chunk-7-1.pdf Graphic file (type pdf)
<use Disha_Gandhi_Take_Home_Exam_PDF_files/figure-latex/unnamed-chunk-7-1.pdf>
Package pdftex.def Info: Disha_Gandhi_Take_Home_Exam_PDF_files/figure-latex/unnamed-chunk-7-1.pdf  used on input line 269.
(pdftex.def)             Requested size: 437.6406pt x 250.94069pt.
[5 <./Disha_Gandhi_Take_Home_Exam_PDF_files/figure-latex/unnamed-chunk-5-1.pdf> <./Disha_Gandhi_Take_Home_Exam_PDF_files/figure-latex/unnamed-chunk-6-1.pdf>] [6 <./Disha_Gandhi_Take_Home_Exam_PDF_files/figure-latex/unnamed-chunk-7-1.pdf>]
<Disha_Gandhi_Take_Home_Exam_PDF_files/figure-latex/unnamed-chunk-8-1.pdf, id=134, 435.6275pt x 283.0575pt>
File: Disha_Gandhi_Take_Home_Exam_PDF_files/figure-latex/unnamed-chunk-8-1.pdf Graphic file (type pdf)
<use Disha_Gandhi_Take_Home_Exam_PDF_files/figure-latex/unnamed-chunk-8-1.pdf>
Package pdftex.def Info: Disha_Gandhi_Take_Home_Exam_PDF_files/figure-latex/unnamed-chunk-8-1.pdf  used on input line 286.
(pdftex.def)             Requested size: 435.62643pt x 283.0568pt.

Overfull \hbox (23.74355pt too wide) in paragraph at lines 307--307
[]\T1/lmtt/m/n/10 ## [1] "The number of suburbs in this dataset that have a crime rate of greater than 30 are 8"[] 
 []

<Disha_Gandhi_Take_Home_Exam_PDF_files/figure-latex/unnamed-chunk-10-1.pdf, id=135, 430.60875pt x 283.0575pt>
File: Disha_Gandhi_Take_Home_Exam_PDF_files/figure-latex/unnamed-chunk-10-1.pdf Graphic file (type pdf)
<use Disha_Gandhi_Take_Home_Exam_PDF_files/figure-latex/unnamed-chunk-10-1.pdf>
Package pdftex.def Info: Disha_Gandhi_Take_Home_Exam_PDF_files/figure-latex/unnamed-chunk-10-1.pdf  used on input line 319.
(pdftex.def)             Requested size: 430.62082pt x 283.06543pt.
[7 <./Disha_Gandhi_Take_Home_Exam_PDF_files/figure-latex/unnamed-chunk-8-1.pdf>]
<Disha_Gandhi_Take_Home_Exam_PDF_files/figure-latex/unnamed-chunk-11-1.pdf, id=151, 463.7325pt x 285.065pt>
File: Disha_Gandhi_Take_Home_Exam_PDF_files/figure-latex/unnamed-chunk-11-1.pdf Graphic file (type pdf)
<use Disha_Gandhi_Take_Home_Exam_PDF_files/figure-latex/unnamed-chunk-11-1.pdf>
Package pdftex.def Info: Disha_Gandhi_Take_Home_Exam_PDF_files/figure-latex/unnamed-chunk-11-1.pdf  used on input line 339.
(pdftex.def)             Requested size: 463.73135pt x 285.0643pt.
[8 <./Disha_Gandhi_Take_Home_Exam_PDF_files/figure-latex/unnamed-chunk-10-1.pdf>] [9 <./Disha_Gandhi_Take_Home_Exam_PDF_files/figure-latex/unnamed-chunk-11-1.pdf>] [10] [11]
Overfull \hbox (60.49344pt too wide) in paragraph at lines 474--474
[]\T1/lmtt/m/n/10 ## [1] "The number of suburbs in this dataset having more than 7 rooms per dwelling in average is 64"[] 
 []


Overfull \hbox (60.49344pt too wide) in paragraph at lines 478--478
[]\T1/lmtt/m/n/10 ## [1] "The number of suburbs in this dataset having more than 8 rooms per dwelling in average is 13"[] 
 []

[12]
<Disha_Gandhi_Take_Home_Exam_PDF_files/figure-latex/unnamed-chunk-18-1.pdf, id=197, 436.63126pt x 263.98625pt>
File: Disha_Gandhi_Take_Home_Exam_PDF_files/figure-latex/unnamed-chunk-18-1.pdf Graphic file (type pdf)
<use Disha_Gandhi_Take_Home_Exam_PDF_files/figure-latex/unnamed-chunk-18-1.pdf>
Package pdftex.def Info: Disha_Gandhi_Take_Home_Exam_PDF_files/figure-latex/unnamed-chunk-18-1.pdf  used on input line 560.
(pdftex.def)             Requested size: 436.63019pt x 263.9856pt.
<Disha_Gandhi_Take_Home_Exam_PDF_files/figure-latex/unnamed-chunk-18-2.pdf, id=198, 455.7025pt x 265.99374pt>
File: Disha_Gandhi_Take_Home_Exam_PDF_files/figure-latex/unnamed-chunk-18-2.pdf Graphic file (type pdf)
<use Disha_Gandhi_Take_Home_Exam_PDF_files/figure-latex/unnamed-chunk-18-2.pdf>
Package pdftex.def Info: Disha_Gandhi_Take_Home_Exam_PDF_files/figure-latex/unnamed-chunk-18-2.pdf  used on input line 561.
(pdftex.def)             Requested size: 455.70831pt x 265.99713pt.

Underfull \hbox (badness 10000) in paragraph at lines 560--562
[][]
 []

[13 <./Disha_Gandhi_Take_Home_Exam_PDF_files/figure-latex/unnamed-chunk-18-1.pdf>]
<Disha_Gandhi_Take_Home_Exam_PDF_files/figure-latex/unnamed-chunk-19-1.pdf, id=216, 436.63126pt x 263.98625pt>
File: Disha_Gandhi_Take_Home_Exam_PDF_files/figure-latex/unnamed-chunk-19-1.pdf Graphic file (type pdf)
<use Disha_Gandhi_Take_Home_Exam_PDF_files/figure-latex/unnamed-chunk-19-1.pdf>
Package pdftex.def Info: Disha_Gandhi_Take_Home_Exam_PDF_files/figure-latex/unnamed-chunk-19-1.pdf  used on input line 588.
(pdftex.def)             Requested size: 436.63019pt x 263.9856pt.
<Disha_Gandhi_Take_Home_Exam_PDF_files/figure-latex/unnamed-chunk-19-2.pdf, id=217, 455.7025pt x 265.99374pt>
File: Disha_Gandhi_Take_Home_Exam_PDF_files/figure-latex/unnamed-chunk-19-2.pdf Graphic file (type pdf)
<use Disha_Gandhi_Take_Home_Exam_PDF_files/figure-latex/unnamed-chunk-19-2.pdf>
Package pdftex.def Info: Disha_Gandhi_Take_Home_Exam_PDF_files/figure-latex/unnamed-chunk-19-2.pdf  used on input line 589.
(pdftex.def)             Requested size: 455.70831pt x 265.99713pt.

Underfull \hbox (badness 10000) in paragraph at lines 588--590
[][]
 []

[14 <./Disha_Gandhi_Take_Home_Exam_PDF_files/figure-latex/unnamed-chunk-18-2.pdf>] [15 <./Disha_Gandhi_Take_Home_Exam_PDF_files/figure-latex/unnamed-chunk-19-1.pdf> <./Disha_Gandhi_Take_Home_Exam_PDF_files/figure-latex/unnamed-chunk-19-2.pdf>]
<Disha_Gandhi_Take_Home_Exam_PDF_files/figure-latex/unnamed-chunk-20-1.pdf, id=251, 436.63126pt x 263.98625pt>
File: Disha_Gandhi_Take_Home_Exam_PDF_files/figure-latex/unnamed-chunk-20-1.pdf Graphic file (type pdf)
<use Disha_Gandhi_Take_Home_Exam_PDF_files/figure-latex/unnamed-chunk-20-1.pdf>
Package pdftex.def Info: Disha_Gandhi_Take_Home_Exam_PDF_files/figure-latex/unnamed-chunk-20-1.pdf  used on input line 616.
(pdftex.def)             Requested size: 436.63019pt x 263.9856pt.
<Disha_Gandhi_Take_Home_Exam_PDF_files/figure-latex/unnamed-chunk-20-2.pdf, id=252, 455.7025pt x 265.99374pt>
File: Disha_Gandhi_Take_Home_Exam_PDF_files/figure-latex/unnamed-chunk-20-2.pdf Graphic file (type pdf)
<use Disha_Gandhi_Take_Home_Exam_PDF_files/figure-latex/unnamed-chunk-20-2.pdf>
Package pdftex.def Info: Disha_Gandhi_Take_Home_Exam_PDF_files/figure-latex/unnamed-chunk-20-2.pdf  used on input line 617.
(pdftex.def)             Requested size: 455.70831pt x 265.99713pt.

Underfull \hbox (badness 10000) in paragraph at lines 616--618
[][]
 []

[16 <./Disha_Gandhi_Take_Home_Exam_PDF_files/figure-latex/unnamed-chunk-20-1.pdf>]
<Disha_Gandhi_Take_Home_Exam_PDF_files/figure-latex/unnamed-chunk-21-1.pdf, id=264, 436.63126pt x 263.98625pt>
File: Disha_Gandhi_Take_Home_Exam_PDF_files/figure-latex/unnamed-chunk-21-1.pdf Graphic file (type pdf)
<use Disha_Gandhi_Take_Home_Exam_PDF_files/figure-latex/unnamed-chunk-21-1.pdf>
Package pdftex.def Info: Disha_Gandhi_Take_Home_Exam_PDF_files/figure-latex/unnamed-chunk-21-1.pdf  used on input line 644.
(pdftex.def)             Requested size: 436.63019pt x 263.9856pt.
<Disha_Gandhi_Take_Home_Exam_PDF_files/figure-latex/unnamed-chunk-21-2.pdf, id=265, 455.7025pt x 265.99374pt>
File: Disha_Gandhi_Take_Home_Exam_PDF_files/figure-latex/unnamed-chunk-21-2.pdf Graphic file (type pdf)
<use Disha_Gandhi_Take_Home_Exam_PDF_files/figure-latex/unnamed-chunk-21-2.pdf>
Package pdftex.def Info: Disha_Gandhi_Take_Home_Exam_PDF_files/figure-latex/unnamed-chunk-21-2.pdf  used on input line 645.
(pdftex.def)             Requested size: 455.70831pt x 265.99713pt.

Underfull \hbox (badness 10000) in paragraph at lines 644--646
[][]
 []

[17 <./Disha_Gandhi_Take_Home_Exam_PDF_files/figure-latex/unnamed-chunk-20-2.pdf>] [18 <./Disha_Gandhi_Take_Home_Exam_PDF_files/figure-latex/unnamed-chunk-21-1.pdf> <./Disha_Gandhi_Take_Home_Exam_PDF_files/figure-latex/unnamed-chunk-21-2.pdf>]
<Disha_Gandhi_Take_Home_Exam_PDF_files/figure-latex/unnamed-chunk-22-1.pdf, id=299, 436.63126pt x 263.98625pt>
File: Disha_Gandhi_Take_Home_Exam_PDF_files/figure-latex/unnamed-chunk-22-1.pdf Graphic file (type pdf)
<use Disha_Gandhi_Take_Home_Exam_PDF_files/figure-latex/unnamed-chunk-22-1.pdf>
Package pdftex.def Info: Disha_Gandhi_Take_Home_Exam_PDF_files/figure-latex/unnamed-chunk-22-1.pdf  used on input line 672.
(pdftex.def)             Requested size: 436.63019pt x 263.9856pt.
<Disha_Gandhi_Take_Home_Exam_PDF_files/figure-latex/unnamed-chunk-22-2.pdf, id=300, 455.7025pt x 265.99374pt>
File: Disha_Gandhi_Take_Home_Exam_PDF_files/figure-latex/unnamed-chunk-22-2.pdf Graphic file (type pdf)
<use Disha_Gandhi_Take_Home_Exam_PDF_files/figure-latex/unnamed-chunk-22-2.pdf>
Package pdftex.def Info: Disha_Gandhi_Take_Home_Exam_PDF_files/figure-latex/unnamed-chunk-22-2.pdf  used on input line 673.
(pdftex.def)             Requested size: 455.70831pt x 265.99713pt.

Underfull \hbox (badness 10000) in paragraph at lines 672--674
[][]
 []

[19 <./Disha_Gandhi_Take_Home_Exam_PDF_files/figure-latex/unnamed-chunk-22-1.pdf>]
<Disha_Gandhi_Take_Home_Exam_PDF_files/figure-latex/unnamed-chunk-23-1.pdf, id=314, 436.63126pt x 263.98625pt>
File: Disha_Gandhi_Take_Home_Exam_PDF_files/figure-latex/unnamed-chunk-23-1.pdf Graphic file (type pdf)
<use Disha_Gandhi_Take_Home_Exam_PDF_files/figure-latex/unnamed-chunk-23-1.pdf>
Package pdftex.def Info: Disha_Gandhi_Take_Home_Exam_PDF_files/figure-latex/unnamed-chunk-23-1.pdf  used on input line 700.
(pdftex.def)             Requested size: 436.63019pt x 263.9856pt.
<Disha_Gandhi_Take_Home_Exam_PDF_files/figure-latex/unnamed-chunk-23-2.pdf, id=315, 455.7025pt x 265.99374pt>
File: Disha_Gandhi_Take_Home_Exam_PDF_files/figure-latex/unnamed-chunk-23-2.pdf Graphic file (type pdf)
<use Disha_Gandhi_Take_Home_Exam_PDF_files/figure-latex/unnamed-chunk-23-2.pdf>
Package pdftex.def Info: Disha_Gandhi_Take_Home_Exam_PDF_files/figure-latex/unnamed-chunk-23-2.pdf  used on input line 701.
(pdftex.def)             Requested size: 455.70831pt x 265.99713pt.

Underfull \hbox (badness 10000) in paragraph at lines 700--702
[][]
 []

[20 <./Disha_Gandhi_Take_Home_Exam_PDF_files/figure-latex/unnamed-chunk-22-2.pdf>] [21 <./Disha_Gandhi_Take_Home_Exam_PDF_files/figure-latex/unnamed-chunk-23-1.pdf> <./Disha_Gandhi_Take_Home_Exam_PDF_files/figure-latex/unnamed-chunk-23-2.pdf>]
<Disha_Gandhi_Take_Home_Exam_PDF_files/figure-latex/unnamed-chunk-24-1.pdf, id=349, 436.63126pt x 263.98625pt>
File: Disha_Gandhi_Take_Home_Exam_PDF_files/figure-latex/unnamed-chunk-24-1.pdf Graphic file (type pdf)
<use Disha_Gandhi_Take_Home_Exam_PDF_files/figure-latex/unnamed-chunk-24-1.pdf>
Package pdftex.def Info: Disha_Gandhi_Take_Home_Exam_PDF_files/figure-latex/unnamed-chunk-24-1.pdf  used on input line 728.
(pdftex.def)             Requested size: 436.63019pt x 263.9856pt.
<Disha_Gandhi_Take_Home_Exam_PDF_files/figure-latex/unnamed-chunk-24-2.pdf, id=350, 455.7025pt x 265.99374pt>
File: Disha_Gandhi_Take_Home_Exam_PDF_files/figure-latex/unnamed-chunk-24-2.pdf Graphic file (type pdf)
<use Disha_Gandhi_Take_Home_Exam_PDF_files/figure-latex/unnamed-chunk-24-2.pdf>
Package pdftex.def Info: Disha_Gandhi_Take_Home_Exam_PDF_files/figure-latex/unnamed-chunk-24-2.pdf  used on input line 729.
(pdftex.def)             Requested size: 455.70831pt x 265.99713pt.

Underfull \hbox (badness 10000) in paragraph at lines 728--730
[][]
 []

[22 <./Disha_Gandhi_Take_Home_Exam_PDF_files/figure-latex/unnamed-chunk-24-1.pdf>]
<Disha_Gandhi_Take_Home_Exam_PDF_files/figure-latex/unnamed-chunk-25-1.pdf, id=362, 436.63126pt x 263.98625pt>
File: Disha_Gandhi_Take_Home_Exam_PDF_files/figure-latex/unnamed-chunk-25-1.pdf Graphic file (type pdf)
<use Disha_Gandhi_Take_Home_Exam_PDF_files/figure-latex/unnamed-chunk-25-1.pdf>
Package pdftex.def Info: Disha_Gandhi_Take_Home_Exam_PDF_files/figure-latex/unnamed-chunk-25-1.pdf  used on input line 756.
(pdftex.def)             Requested size: 436.63019pt x 263.9856pt.
<Disha_Gandhi_Take_Home_Exam_PDF_files/figure-latex/unnamed-chunk-25-2.pdf, id=363, 455.7025pt x 265.99374pt>
File: Disha_Gandhi_Take_Home_Exam_PDF_files/figure-latex/unnamed-chunk-25-2.pdf Graphic file (type pdf)
<use Disha_Gandhi_Take_Home_Exam_PDF_files/figure-latex/unnamed-chunk-25-2.pdf>
Package pdftex.def Info: Disha_Gandhi_Take_Home_Exam_PDF_files/figure-latex/unnamed-chunk-25-2.pdf  used on input line 757.
(pdftex.def)             Requested size: 455.70831pt x 265.99713pt.

Underfull \hbox (badness 10000) in paragraph at lines 756--758
[][]
 []

[23 <./Disha_Gandhi_Take_Home_Exam_PDF_files/figure-latex/unnamed-chunk-24-2.pdf>] [24 <./Disha_Gandhi_Take_Home_Exam_PDF_files/figure-latex/unnamed-chunk-25-1.pdf> <./Disha_Gandhi_Take_Home_Exam_PDF_files/figure-latex/unnamed-chunk-25-2.pdf>]
<Disha_Gandhi_Take_Home_Exam_PDF_files/figure-latex/unnamed-chunk-26-1.pdf, id=397, 436.63126pt x 263.98625pt>
File: Disha_Gandhi_Take_Home_Exam_PDF_files/figure-latex/unnamed-chunk-26-1.pdf Graphic file (type pdf)
<use Disha_Gandhi_Take_Home_Exam_PDF_files/figure-latex/unnamed-chunk-26-1.pdf>
Package pdftex.def Info: Disha_Gandhi_Take_Home_Exam_PDF_files/figure-latex/unnamed-chunk-26-1.pdf  used on input line 784.
(pdftex.def)             Requested size: 436.63019pt x 263.9856pt.
<Disha_Gandhi_Take_Home_Exam_PDF_files/figure-latex/unnamed-chunk-26-2.pdf, id=398, 455.7025pt x 265.99374pt>
File: Disha_Gandhi_Take_Home_Exam_PDF_files/figure-latex/unnamed-chunk-26-2.pdf Graphic file (type pdf)
<use Disha_Gandhi_Take_Home_Exam_PDF_files/figure-latex/unnamed-chunk-26-2.pdf>
Package pdftex.def Info: Disha_Gandhi_Take_Home_Exam_PDF_files/figure-latex/unnamed-chunk-26-2.pdf  used on input line 785.
(pdftex.def)             Requested size: 455.70831pt x 265.99713pt.

Underfull \hbox (badness 10000) in paragraph at lines 784--786
[][]
 []

[25 <./Disha_Gandhi_Take_Home_Exam_PDF_files/figure-latex/unnamed-chunk-26-1.pdf>]
<Disha_Gandhi_Take_Home_Exam_PDF_files/figure-latex/unnamed-chunk-27-1.pdf, id=411, 436.63126pt x 263.98625pt>
File: Disha_Gandhi_Take_Home_Exam_PDF_files/figure-latex/unnamed-chunk-27-1.pdf Graphic file (type pdf)
<use Disha_Gandhi_Take_Home_Exam_PDF_files/figure-latex/unnamed-chunk-27-1.pdf>
Package pdftex.def Info: Disha_Gandhi_Take_Home_Exam_PDF_files/figure-latex/unnamed-chunk-27-1.pdf  used on input line 812.
(pdftex.def)             Requested size: 436.63019pt x 263.9856pt.
<Disha_Gandhi_Take_Home_Exam_PDF_files/figure-latex/unnamed-chunk-27-2.pdf, id=412, 455.7025pt x 265.99374pt>
File: Disha_Gandhi_Take_Home_Exam_PDF_files/figure-latex/unnamed-chunk-27-2.pdf Graphic file (type pdf)
<use Disha_Gandhi_Take_Home_Exam_PDF_files/figure-latex/unnamed-chunk-27-2.pdf>
Package pdftex.def Info: Disha_Gandhi_Take_Home_Exam_PDF_files/figure-latex/unnamed-chunk-27-2.pdf  used on input line 813.
(pdftex.def)             Requested size: 455.70831pt x 265.99713pt.

Underfull \hbox (badness 10000) in paragraph at lines 812--814
[][]
 []

[26 <./Disha_Gandhi_Take_Home_Exam_PDF_files/figure-latex/unnamed-chunk-26-2.pdf>] [27 <./Disha_Gandhi_Take_Home_Exam_PDF_files/figure-latex/unnamed-chunk-27-1.pdf> <./Disha_Gandhi_Take_Home_Exam_PDF_files/figure-latex/unnamed-chunk-27-2.pdf>]
<Disha_Gandhi_Take_Home_Exam_PDF_files/figure-latex/unnamed-chunk-28-1.pdf, id=446, 436.63126pt x 263.98625pt>
File: Disha_Gandhi_Take_Home_Exam_PDF_files/figure-latex/unnamed-chunk-28-1.pdf Graphic file (type pdf)
<use Disha_Gandhi_Take_Home_Exam_PDF_files/figure-latex/unnamed-chunk-28-1.pdf>
Package pdftex.def Info: Disha_Gandhi_Take_Home_Exam_PDF_files/figure-latex/unnamed-chunk-28-1.pdf  used on input line 840.
(pdftex.def)             Requested size: 436.63019pt x 263.9856pt.
<Disha_Gandhi_Take_Home_Exam_PDF_files/figure-latex/unnamed-chunk-28-2.pdf, id=447, 455.7025pt x 265.99374pt>
File: Disha_Gandhi_Take_Home_Exam_PDF_files/figure-latex/unnamed-chunk-28-2.pdf Graphic file (type pdf)
<use Disha_Gandhi_Take_Home_Exam_PDF_files/figure-latex/unnamed-chunk-28-2.pdf>
Package pdftex.def Info: Disha_Gandhi_Take_Home_Exam_PDF_files/figure-latex/unnamed-chunk-28-2.pdf  used on input line 841.
(pdftex.def)             Requested size: 455.70831pt x 265.99713pt.

Underfull \hbox (badness 10000) in paragraph at lines 840--842
[][]
 []

[28 <./Disha_Gandhi_Take_Home_Exam_PDF_files/figure-latex/unnamed-chunk-28-1.pdf>]
<Disha_Gandhi_Take_Home_Exam_PDF_files/figure-latex/unnamed-chunk-29-1.pdf, id=460, 436.63126pt x 263.98625pt>
File: Disha_Gandhi_Take_Home_Exam_PDF_files/figure-latex/unnamed-chunk-29-1.pdf Graphic file (type pdf)
<use Disha_Gandhi_Take_Home_Exam_PDF_files/figure-latex/unnamed-chunk-29-1.pdf>
Package pdftex.def Info: Disha_Gandhi_Take_Home_Exam_PDF_files/figure-latex/unnamed-chunk-29-1.pdf  used on input line 868.
(pdftex.def)             Requested size: 436.63019pt x 263.9856pt.
<Disha_Gandhi_Take_Home_Exam_PDF_files/figure-latex/unnamed-chunk-29-2.pdf, id=461, 455.7025pt x 265.99374pt>
File: Disha_Gandhi_Take_Home_Exam_PDF_files/figure-latex/unnamed-chunk-29-2.pdf Graphic file (type pdf)
<use Disha_Gandhi_Take_Home_Exam_PDF_files/figure-latex/unnamed-chunk-29-2.pdf>
Package pdftex.def Info: Disha_Gandhi_Take_Home_Exam_PDF_files/figure-latex/unnamed-chunk-29-2.pdf  used on input line 869.
(pdftex.def)             Requested size: 455.70831pt x 265.99713pt.

Underfull \hbox (badness 10000) in paragraph at lines 868--870
[][]
 []

[29 <./Disha_Gandhi_Take_Home_Exam_PDF_files/figure-latex/unnamed-chunk-28-2.pdf>] [30 <./Disha_Gandhi_Take_Home_Exam_PDF_files/figure-latex/unnamed-chunk-29-1.pdf> <./Disha_Gandhi_Take_Home_Exam_PDF_files/figure-latex/unnamed-chunk-29-2.pdf>]
<Disha_Gandhi_Take_Home_Exam_PDF_files/figure-latex/unnamed-chunk-30-1.pdf, id=495, 436.63126pt x 263.98625pt>
File: Disha_Gandhi_Take_Home_Exam_PDF_files/figure-latex/unnamed-chunk-30-1.pdf Graphic file (type pdf)
<use Disha_Gandhi_Take_Home_Exam_PDF_files/figure-latex/unnamed-chunk-30-1.pdf>
Package pdftex.def Info: Disha_Gandhi_Take_Home_Exam_PDF_files/figure-latex/unnamed-chunk-30-1.pdf  used on input line 896.
(pdftex.def)             Requested size: 436.63019pt x 263.9856pt.
<Disha_Gandhi_Take_Home_Exam_PDF_files/figure-latex/unnamed-chunk-30-2.pdf, id=496, 455.7025pt x 265.99374pt>
File: Disha_Gandhi_Take_Home_Exam_PDF_files/figure-latex/unnamed-chunk-30-2.pdf Graphic file (type pdf)
<use Disha_Gandhi_Take_Home_Exam_PDF_files/figure-latex/unnamed-chunk-30-2.pdf>
Package pdftex.def Info: Disha_Gandhi_Take_Home_Exam_PDF_files/figure-latex/unnamed-chunk-30-2.pdf  used on input line 897.
(pdftex.def)             Requested size: 455.70831pt x 265.99713pt.

Underfull \hbox (badness 10000) in paragraph at lines 896--898
[][]
 []

[31 <./Disha_Gandhi_Take_Home_Exam_PDF_files/figure-latex/unnamed-chunk-30-1.pdf>] [32 <./Disha_Gandhi_Take_Home_Exam_PDF_files/figure-latex/unnamed-chunk-30-2.pdf>]
<Disha_Gandhi_Take_Home_Exam_PDF_files/figure-latex/unnamed-chunk-32-1.pdf, id=522, 436.63126pt x 285.065pt>
File: Disha_Gandhi_Take_Home_Exam_PDF_files/figure-latex/unnamed-chunk-32-1.pdf Graphic file (type pdf)
<use Disha_Gandhi_Take_Home_Exam_PDF_files/figure-latex/unnamed-chunk-32-1.pdf>
Package pdftex.def Info: Disha_Gandhi_Take_Home_Exam_PDF_files/figure-latex/unnamed-chunk-32-1.pdf  used on input line 962.
(pdftex.def)             Requested size: 436.63019pt x 285.0643pt.
[33 <./Disha_Gandhi_Take_Home_Exam_PDF_files/figure-latex/unnamed-chunk-32-1.pdf>] [34] [35] [36] [37] [38]
Overfull \hbox (28.99353pt too wide) in paragraph at lines 1376--1376
[]\T1/lmtt/m/n/10 ## [1] "The mean square test error on the linear model using least squares is 1067822.81531449"[] 
 []

[39]
<Disha_Gandhi_Take_Home_Exam_PDF_files/figure-latex/unnamed-chunk-53-1.pdf, id=595, 436.63126pt x 285.065pt>
File: Disha_Gandhi_Take_Home_Exam_PDF_files/figure-latex/unnamed-chunk-53-1.pdf Graphic file (type pdf)
<use Disha_Gandhi_Take_Home_Exam_PDF_files/figure-latex/unnamed-chunk-53-1.pdf>
Package pdftex.def Info: Disha_Gandhi_Take_Home_Exam_PDF_files/figure-latex/unnamed-chunk-53-1.pdf  used on input line 1451.
(pdftex.def)             Requested size: 436.63019pt x 285.0643pt.
[40]
<Disha_Gandhi_Take_Home_Exam_PDF_files/figure-latex/unnamed-chunk-55-1.pdf, id=605, 436.63126pt x 285.065pt>
File: Disha_Gandhi_Take_Home_Exam_PDF_files/figure-latex/unnamed-chunk-55-1.pdf Graphic file (type pdf)
<use Disha_Gandhi_Take_Home_Exam_PDF_files/figure-latex/unnamed-chunk-55-1.pdf>
Package pdftex.def Info: Disha_Gandhi_Take_Home_Exam_PDF_files/figure-latex/unnamed-chunk-55-1.pdf  used on input line 1464.
(pdftex.def)             Requested size: 436.63019pt x 285.0643pt.
[41 <./Disha_Gandhi_Take_Home_Exam_PDF_files/figure-latex/unnamed-chunk-53-1.pdf>]
<Disha_Gandhi_Take_Home_Exam_PDF_files/figure-latex/unnamed-chunk-57-1.pdf, id=620, 393.47pt x 256.96pt>
File: Disha_Gandhi_Take_Home_Exam_PDF_files/figure-latex/unnamed-chunk-57-1.pdf Graphic file (type pdf)
<use Disha_Gandhi_Take_Home_Exam_PDF_files/figure-latex/unnamed-chunk-57-1.pdf>
Package pdftex.def Info: Disha_Gandhi_Take_Home_Exam_PDF_files/figure-latex/unnamed-chunk-57-1.pdf  used on input line 1477.
(pdftex.def)             Requested size: 393.46902pt x 256.95937pt.
[42 <./Disha_Gandhi_Take_Home_Exam_PDF_files/figure-latex/unnamed-chunk-55-1.pdf> <./Disha_Gandhi_Take_Home_Exam_PDF_files/figure-latex/unnamed-chunk-57-1.pdf>]
<Disha_Gandhi_Take_Home_Exam_PDF_files/figure-latex/unnamed-chunk-58-1.pdf, id=643, 436.63126pt x 248.93pt>
File: Disha_Gandhi_Take_Home_Exam_PDF_files/figure-latex/unnamed-chunk-58-1.pdf Graphic file (type pdf)
<use Disha_Gandhi_Take_Home_Exam_PDF_files/figure-latex/unnamed-chunk-58-1.pdf>
Package pdftex.def Info: Disha_Gandhi_Take_Home_Exam_PDF_files/figure-latex/unnamed-chunk-58-1.pdf  used on input line 1541.
(pdftex.def)             Requested size: 436.63019pt x 248.92938pt.
[43]
Overfull \hbox (34.24352pt too wide) in paragraph at lines 1553--1553
[]\T1/lmtt/m/n/10 ## [1] "And the corresponding adjusted r square error for the test dataset is 0.442505260718671"[] 
 []

[44 <./Disha_Gandhi_Take_Home_Exam_PDF_files/figure-latex/unnamed-chunk-58-1.pdf>]
<Disha_Gandhi_Take_Home_Exam_PDF_files/figure-latex/unnamed-chunk-62-1.pdf, id=667, 436.63126pt x 274.02374pt>
File: Disha_Gandhi_Take_Home_Exam_PDF_files/figure-latex/unnamed-chunk-62-1.pdf Graphic file (type pdf)
<use Disha_Gandhi_Take_Home_Exam_PDF_files/figure-latex/unnamed-chunk-62-1.pdf>
Package pdftex.def Info: Disha_Gandhi_Take_Home_Exam_PDF_files/figure-latex/unnamed-chunk-62-1.pdf  used on input line 1608.
(pdftex.def)             Requested size: 436.63019pt x 274.02307pt.
<Disha_Gandhi_Take_Home_Exam_PDF_files/figure-latex/unnamed-chunk-64-1.pdf, id=668, 436.63126pt x 274.02374pt>
File: Disha_Gandhi_Take_Home_Exam_PDF_files/figure-latex/unnamed-chunk-64-1.pdf Graphic file (type pdf)
<use Disha_Gandhi_Take_Home_Exam_PDF_files/figure-latex/unnamed-chunk-64-1.pdf>
Package pdftex.def Info: Disha_Gandhi_Take_Home_Exam_PDF_files/figure-latex/unnamed-chunk-64-1.pdf  used on input line 1618.
(pdftex.def)             Requested size: 436.63019pt x 274.02307pt.
[45 <./Disha_Gandhi_Take_Home_Exam_PDF_files/figure-latex/unnamed-chunk-62-1.pdf>] [46 <./Disha_Gandhi_Take_Home_Exam_PDF_files/figure-latex/unnamed-chunk-64-1.pdf>]
<Disha_Gandhi_Take_Home_Exam_PDF_files/figure-latex/unnamed-chunk-69-1.pdf, id=699, 403.5075pt x 203.76125pt>
File: Disha_Gandhi_Take_Home_Exam_PDF_files/figure-latex/unnamed-chunk-69-1.pdf Graphic file (type pdf)
<use Disha_Gandhi_Take_Home_Exam_PDF_files/figure-latex/unnamed-chunk-69-1.pdf>
Package pdftex.def Info: Disha_Gandhi_Take_Home_Exam_PDF_files/figure-latex/unnamed-chunk-69-1.pdf  used on input line 1731.
(pdftex.def)             Requested size: 403.51266pt x 203.76384pt.
[47]
<Disha_Gandhi_Take_Home_Exam_PDF_files/figure-latex/unnamed-chunk-71-1.pdf, id=714, 437.635pt x 249.93375pt>
File: Disha_Gandhi_Take_Home_Exam_PDF_files/figure-latex/unnamed-chunk-71-1.pdf Graphic file (type pdf)
<use Disha_Gandhi_Take_Home_Exam_PDF_files/figure-latex/unnamed-chunk-71-1.pdf>
Package pdftex.def Info: Disha_Gandhi_Take_Home_Exam_PDF_files/figure-latex/unnamed-chunk-71-1.pdf  used on input line 1749.
(pdftex.def)             Requested size: 437.6406pt x 249.93694pt.
<Disha_Gandhi_Take_Home_Exam_PDF_files/figure-latex/unnamed-chunk-72-1.pdf, id=715, 394.47375pt x 203.76125pt>
File: Disha_Gandhi_Take_Home_Exam_PDF_files/figure-latex/unnamed-chunk-72-1.pdf Graphic file (type pdf)
<use Disha_Gandhi_Take_Home_Exam_PDF_files/figure-latex/unnamed-chunk-72-1.pdf>
Package pdftex.def Info: Disha_Gandhi_Take_Home_Exam_PDF_files/figure-latex/unnamed-chunk-72-1.pdf  used on input line 1754.
(pdftex.def)             Requested size: 394.47278pt x 203.76074pt.
[48 <./Disha_Gandhi_Take_Home_Exam_PDF_files/figure-latex/unnamed-chunk-69-1.pdf> <./Disha_Gandhi_Take_Home_Exam_PDF_files/figure-latex/unnamed-chunk-71-1.pdf>]
<Disha_Gandhi_Take_Home_Exam_PDF_files/figure-latex/unnamed-chunk-76-1.pdf, id=736, 435.6275pt x 296.10625pt>
File: Disha_Gandhi_Take_Home_Exam_PDF_files/figure-latex/unnamed-chunk-76-1.pdf Graphic file (type pdf)
<use Disha_Gandhi_Take_Home_Exam_PDF_files/figure-latex/unnamed-chunk-76-1.pdf>
Package pdftex.def Info: Disha_Gandhi_Take_Home_Exam_PDF_files/figure-latex/unnamed-chunk-76-1.pdf  used on input line 1800.
(pdftex.def)             Requested size: 435.62643pt x 296.10551pt.
[49 <./Disha_Gandhi_Take_Home_Exam_PDF_files/figure-latex/unnamed-chunk-72-1.pdf>]
<Disha_Gandhi_Take_Home_Exam_PDF_files/figure-latex/unnamed-chunk-79-1.pdf, id=751, 436.63126pt x 283.0575pt>
File: Disha_Gandhi_Take_Home_Exam_PDF_files/figure-latex/unnamed-chunk-79-1.pdf Graphic file (type pdf)
<use Disha_Gandhi_Take_Home_Exam_PDF_files/figure-latex/unnamed-chunk-79-1.pdf>
Package pdftex.def Info: Disha_Gandhi_Take_Home_Exam_PDF_files/figure-latex/unnamed-chunk-79-1.pdf  used on input line 1841.
(pdftex.def)             Requested size: 436.63019pt x 283.0568pt.
[50 <./Disha_Gandhi_Take_Home_Exam_PDF_files/figure-latex/unnamed-chunk-76-1.pdf>]
<Disha_Gandhi_Take_Home_Exam_PDF_files/figure-latex/unnamed-chunk-82-1.pdf, id=765, 408.52625pt x 241.90375pt>
File: Disha_Gandhi_Take_Home_Exam_PDF_files/figure-latex/unnamed-chunk-82-1.pdf Graphic file (type pdf)
<use Disha_Gandhi_Take_Home_Exam_PDF_files/figure-latex/unnamed-chunk-82-1.pdf>
Package pdftex.def Info: Disha_Gandhi_Take_Home_Exam_PDF_files/figure-latex/unnamed-chunk-82-1.pdf  used on input line 1893.
(pdftex.def)             Requested size: 408.54395pt x 241.91422pt.
[51 <./Disha_Gandhi_Take_Home_Exam_PDF_files/figure-latex/unnamed-chunk-79-1.pdf>] [52 <./Disha_Gandhi_Take_Home_Exam_PDF_files/figure-latex/unnamed-chunk-82-1.pdf>] [53]
Overfull \hbox (49.99347pt too wide) in paragraph at lines 2011--2011
[]\T1/lmtt/m/n/10 ## [1] "The fraction of people predicted to make a purchase and even made one via Boosting is 0.14"[] 
 []


Overfull \hbox (112.99329pt too wide) in paragraph at lines 2034--2034
[]\T1/lmtt/m/n/10 ## [1] "The fraction of people predicted to make a purchase and even made one via Logistic Regression is 0.142"[] 
 []

[54]
Overfull \hbox (60.49344pt too wide) in paragraph at lines 2099--2099
[]\T1/lmtt/m/n/10 ## [1] "The mean square error of single linear regression model for beauty score is 0.30448986934841"[] 
 []

[55]
Overfull \hbox (60.49344pt too wide) in paragraph at lines 2135--2135
[]\T1/lmtt/m/n/10 ## [1] "The mean square error of multi linear regression model for all features is 0.221653402571502"[] 
 []

<Disha_Gandhi_Take_Home_Exam_PDF_files/figure-latex/unnamed-chunk-96-1.pdf, id=813, 436.63126pt x 285.065pt>
File: Disha_Gandhi_Take_Home_Exam_PDF_files/figure-latex/unnamed-chunk-96-1.pdf Graphic file (type pdf)
<use Disha_Gandhi_Take_Home_Exam_PDF_files/figure-latex/unnamed-chunk-96-1.pdf>
Package pdftex.def Info: Disha_Gandhi_Take_Home_Exam_PDF_files/figure-latex/unnamed-chunk-96-1.pdf  used on input line 2155.
(pdftex.def)             Requested size: 436.63019pt x 285.0643pt.

Overfull \hbox (107.7433pt too wide) in paragraph at lines 2159--2159
[]\T1/lmtt/m/n/10 ## [1] "The mean square error of partial least squares regression model for all features is 0.221828055974601"[] 
 []

[56 <./Disha_Gandhi_Take_Home_Exam_PDF_files/figure-latex/unnamed-chunk-96-1.pdf>] [57] [58] [59] [60] (./Disha_Gandhi_Take_Home_Exam_PDF.aux)
Package rerunfilecheck Info: File `Disha_Gandhi_Take_Home_Exam_PDF.out' has not changed.
(rerunfilecheck)             Checksum: 47058D5A875F8151B9032EB6ECE734EC;2128.
 ) 
Here is how much of TeX's memory you used:
 12427 strings out of 479983
 216585 string characters out of 5887130
 497708 words of memory out of 5000000
 30190 multiletter control sequences out of 15000+600000
 481925 words of font info for 34 fonts, out of 8000000 for 9000
 14 hyphenation exceptions out of 8191
 72i,6n,77p,411b,586s stack positions out of 10000i,1000n,20000p,200000b,200000s
{/Users/manvigoyal/Library/TinyTeX/texmf-dist/fonts/enc/dvips/lm/lm-ts1.enc}{/Users/manvigoyal/Library/TinyTeX/texmf-dist/fonts/enc/dvips/lm/lm-ec.enc}</Users/manvigoyal/Library/TinyTeX/texmf-dist/fonts/type1/public/lm/lmbx10.pfb></Users/manvigoyal/Library/TinyTeX/texmf-dist/fonts/type1/public/lm/lmbx12.pfb></Users/manvigoyal/Library/TinyTeX/texmf-dist/fonts/type1/public/lm/lmr10.pfb></Users/manvigoyal/Library/TinyTeX/texmf-dist/fonts/type1/public/lm/lmtt10.pfb>
Output written on Disha_Gandhi_Take_Home_Exam_PDF.pdf (60 pages, 4911647 bytes).
PDF statistics:
 942 PDF objects out of 1000 (max. 8388607)
 716 compressed objects within 8 object streams
 226 named destinations out of 1000 (max. 500000)
 334 words of extra memory for PDF output out of 10000 (max. 10000000)

